<?xml version="1.0" encoding="UTF-8" ?>
<testsuites errors="0"
            failures="1"
            tests="5">

  <testsuite name="teslaShop"
    errors="0" failures="1" hostname="" id="" package="teslaShop" skipped="0"
    tests="5" time="337.6" timestamp="">
  
    <testcase name="Account Features" classname="teslaShop" time="41.05" assertions="10">

    

    

    

    

    

    

    

    

    

    
    </testcase>
  
    <testcase name="Footers" classname="teslaShop" time="80.31" assertions="57">

    

    

    

    

    

    

    

    

    

    

    

    

    

    

    

    

    

    

    

    

    

    

    

    

    

    

    

    

    

    

    

    

    

    

    

    

    

    

    

    

    

    

    

    

    

    

    

    

    

    

    

    

    

    

    

    

    
    </testcase>
  
    <testcase name="General Browsing" classname="teslaShop" time="104.7" assertions="52">

    

    

      <failure message="Testing if element &lt;div[class=&#34;product__container__details__quantity__value&#34;]&gt; contains text: &#34;1&#34; in 1000 ms. - expected [0;32m&#34;1&#34;[0m but got: [0;31m&#34;&#34;[0m">    at module.exports (C:\Users\Mat\DevMountain\teslaShop\test-assets\genBrowse.js:24:13)
    at Page.browse (C:\Users\Mat\DevMountain\teslaShop\pageObjects\shop.js:19:9)
    at Object.General Browsing (C:\Users\Mat\DevMountain\teslaShop\tests\teslaShop.js:24:10)</failure>

    

    

    

    

    

    

    

    

    

    

    

    

    

    

    

    

    

    

    

    

    

    

    

    

    

    

    

    

    

    

    

    

    

    

    

    

    

    

    

    

    

    

    

    

    

    

    

    

    <failure message="    at module.exports (C:\Users\Mat\DevMountain\teslaShop\test-assets\genBrowse.js:24:13)">    at Page.browse (C:\Users\Mat\DevMountain\teslaShop\pageObjects\shop.js:19:9)
    at Object.General Browsing (C:\Users\Mat\DevMountain\teslaShop\tests\teslaShop.js:24:10)</failure>
    </testcase>
  
    <testcase name="Headers and Filters" classname="teslaShop" time="100.7" assertions="335">

    

    

    

    

    

    

    

    

    

    

    

    

    

    

    

    

    

    

    

    

    

    

    

    

    

    

    

    

    

    

    

    

    

    

    

    

    

    

    

    

    

    

    

    

    

    

    

    

    

    

    

    

    

    

    

    

    

    

    

    

    

    

    

    

    

    

    

    

    

    

    

    

    

    

    

    

    

    

    

    

    

    

    

    

    

    

    

    

    

    

    

    

    

    

    

    

    

    

    

    

    

    

    

    

    

    

    

    

    

    

    

    

    

    

    

    

    

    

    

    

    

    

    

    

    

    

    

    

    

    

    

    

    

    

    

    

    

    

    

    

    

    

    

    

    

    

    

    

    

    

    

    

    

    

    

    

    

    

    

    

    

    

    

    

    

    

    

    

    

    

    

    

    

    

    

    

    

    

    

    

    

    

    

    

    

    

    

    

    

    

    

    

    

    

    

    

    

    

    

    

    

    

    

    

    

    

    

    

    

    

    

    

    

    

    

    

    

    

    

    

    

    

    

    

    

    

    

    

    

    

    

    

    

    

    

    

    

    

    

    

    

    

    

    

    

    

    

    

    

    

    

    

    

    

    

    

    

    

    

    

    

    

    

    

    

    

    

    

    

    

    

    

    

    

    

    

    

    

    

    

    

    

    

    

    

    

    

    

    

    

    

    

    

    

    

    

    

    

    

    

    

    

    

    

    

    

    

    

    

    

    

    

    

    

    

    

    

    

    

    

    

    

    

    

    

    

    

    

    

    

    

    

    

    

    
    </testcase>
  
    <testcase name="Search Bar" classname="teslaShop" time="10.86" assertions="3">

    

    

    
    </testcase>
  

  

  
  </testsuite>
</testsuites>
