<?xml version="1.0" encoding="UTF-8" ?>
<testsuites errors="0"
            failures="1"
            tests="1">

  <testsuite name="teslaShop"
    errors="0" failures="1" hostname="" id="" package="teslaShop" skipped="0"
    tests="1" time="25.85" timestamp="">
  
    <testcase name="Headers and Filters" classname="teslaShop" time="25.85" assertions="9">

    

    

    

    

    

    

    

      <failure message="Click Model X Charging - expected [0;32m&#34;visible&#34;[0m but got: [0;31m&#34;not visible&#34;[0m">    at NightwatchAPI.&lt;anonymous&gt; (C:\Users\Mat\DevMountain\teslaShop\test-assets\headerFilter.js:57:17)
    at processTicksAndRejections (internal/process/task_queues.js:89:5)</failure>

    <failure message="    at NightwatchAPI.&lt;anonymous&gt; (C:\Users\Mat\DevMountain\teslaShop\test-assets\headerFilter.js:57:17)">    at processTicksAndRejections (internal/process/task_queues.js:89:5)</failure>
    </testcase>
  

  

  
  </testsuite>
</testsuites>
